<?xml version="1.0" encoding="UTF-8"?>
<!-- Generated by org.testng.reporters.JUnitReportReporter -->
<testsuite hostname="DESKTOP-AK0H43K" failures="0" tests="1" name="TestNgParralel_Serial_Run.SerirsClass" time="30.984" errors="0" timestamp="2022-06-29T18:50:46 IST" skipped="0">
  <testcase classname="TestNgParralel_Serial_Run.SerirsClass" name="MyMethod1" time="30.984"/>
</testsuite> <!-- TestNgParralel_Serial_Run.SerirsClass -->
