<?xml version="1.0" encoding="UTF-8"?>
<!-- Generated by org.testng.reporters.JUnitReportReporter -->
<testsuite hostname="DESKTOP-AK0H43K" failures="0" tests="3" name="TestNgKeywords.Test1" time="0.005" errors="0" timestamp="2022-06-28T21:57:10 IST" skipped="0">
  <testcase classname="TestNgKeywords.Test1" name="TC5" time="0.002"/>
  <testcase classname="TestNgKeywords.Test1" name="TC3" time="0.001"/>
  <testcase classname="TestNgKeywords.Test1" name="TC1" time="0.002"/>
</testsuite> <!-- TestNgKeywords.Test1 -->
