<?xml version="1.0" encoding="UTF-8"?>
<!-- Generated by org.testng.reporters.JUnitReportReporter -->
<testsuite hostname="DESKTOP-AK0H43K" failures="0" tests="2" name="TestNgKeywords.NewTest" time="0.030" errors="0" timestamp="2022-06-28T13:45:57 IST" skipped="0">
  <testcase classname="TestNgKeywords.NewTest" name="login" time="0.002"/>
  <testcase classname="TestNgKeywords.NewTest" name="login" time="0.028"/>
</testsuite> <!-- TestNgKeywords.NewTest -->
