<?xml version="1.0" encoding="UTF-8"?>
<!-- Generated by org.testng.reporters.JUnitReportReporter -->
<testsuite hostname="DESKTOP-AK0H43K" failures="0" tests="3" name="TestNgKeywords.Excludeused" time="0.005" errors="0" timestamp="2022-07-11T23:10:59 IST" skipped="0">
  <testcase classname="TestNgKeywords.Excludeused" name="B" time="0.001"/>
  <testcase classname="TestNgKeywords.Excludeused" name="A" time="0.002"/>
  <testcase classname="TestNgKeywords.Excludeused" name="C" time="0.002"/>
</testsuite> <!-- TestNgKeywords.Excludeused -->
