<?xml version="1.0" encoding="UTF-8"?>
<!-- Generated by org.testng.reporters.JUnitReportReporter -->
<testsuite hostname="DESKTOP-AK0H43K" failures="0" tests="5" name="TestNgKeywords.DependsOnMethod" time="0.023" errors="0" timestamp="2022-06-28T14:26:50 IST" skipped="0">
  <testcase classname="TestNgKeywords.DependsOnMethod" name="F" time="0.002"/>
  <testcase classname="TestNgKeywords.DependsOnMethod" name="C" time="0.001"/>
  <testcase classname="TestNgKeywords.DependsOnMethod" name="E" time="0.002"/>
  <testcase classname="TestNgKeywords.DependsOnMethod" name="A" time="0.017"/>
  <testcase classname="TestNgKeywords.DependsOnMethod" name="B" time="0.001"/>
</testsuite> <!-- TestNgKeywords.DependsOnMethod -->
