<?xml version="1.0" encoding="UTF-8"?>
<!-- Generated by org.testng.reporters.JUnitReportReporter -->
<testsuite hostname="DESKTOP-AK0H43K" failures="0" tests="2" name="CrossBrowserTest.CrossBrowser_Testing" time="121.543" errors="0" timestamp="2022-06-30T19:10:53 IST" skipped="0">
  <testcase classname="CrossBrowserTest.CrossBrowser_Testing" name="myMethod" time="57.947"/>
  <testcase classname="CrossBrowserTest.CrossBrowser_Testing" name="myMethod" time="63.596"/>
</testsuite> <!-- CrossBrowserTest.CrossBrowser_Testing -->
