<?xml version="1.0" encoding="UTF-8"?>
<!-- Generated by org.testng.reporters.JUnitReportReporter -->
<testsuite hostname="DESKTOP-AK0H43K" failures="0" tests="3" name="TestNgKeywords.EnabledUsed" time="0.015" errors="0" timestamp="2022-06-28T14:01:34 IST" skipped="1">
  <testcase classname="TestNgKeywords.EnabledUsed" name="C" time="0.001"/>
  <testcase classname="TestNgKeywords.EnabledUsed" name="B" time="0.014"/>
  <testcase classname="TestNgKeywords.EnabledUsed" name="A">
    <skipped/>
  </testcase> <!-- A -->
</testsuite> <!-- TestNgKeywords.EnabledUsed -->
