<?xml version="1.0" encoding="UTF-8"?>
<!-- Generated by org.testng.reporters.JUnitReportReporter -->
<testsuite hostname="DESKTOP-AK0H43K" failures="0" tests="1" name="TestNg.TestNg" time="132.173" errors="0" timestamp="2022-06-28T13:36:57 IST" skipped="0">
  <testcase classname="TestNg.TestNg" name="LaunchBrowser" time="132.173"/>
</testsuite> <!-- TestNg.TestNg -->
