<?xml version="1.0" encoding="UTF-8"?>
<!-- Generated by org.testng.reporters.JUnitReportReporter -->
<testsuite hostname="DESKTOP-AK0H43K" failures="0" tests="1" name="TestNgKeywords.includeUsed" time="0.018" errors="0" timestamp="2022-07-11T23:18:02 IST" skipped="0">
  <testcase classname="TestNgKeywords.includeUsed" name="B" time="0.018"/>
</testsuite> <!-- TestNgKeywords.includeUsed -->
