<?xml version="1.0" encoding="UTF-8"?>
<!-- Generated by org.testng.reporters.JUnitReportReporter -->
<testsuite hostname="DESKTOP-AK0H43K" failures="0" tests="1" name="TestNg.AnnotationStudy" time="0.083" errors="0" timestamp="2022-06-28T13:36:58 IST" skipped="0">
  <testcase classname="TestNg.AnnotationStudy" name="ValidateUserId" time="0.083"/>
</testsuite> <!-- TestNg.AnnotationStudy -->
