<?xml version="1.0" encoding="UTF-8"?>
<!-- Generated by org.testng.reporters.JUnitReportReporter -->
<testsuite hostname="DESKTOP-AK0H43K" failures="0" tests="3" name="TestNgKeywords.Test2" time="0.020" errors="0" timestamp="2022-06-28T21:57:10 IST" skipped="0">
  <testcase classname="TestNgKeywords.Test2" name="TC8" time="0.002"/>
  <testcase classname="TestNgKeywords.Test2" name="TC6" time="0.001"/>
  <testcase classname="TestNgKeywords.Test2" name="TC10" time="0.017"/>
</testsuite> <!-- TestNgKeywords.Test2 -->
