<?xml version="1.0" encoding="UTF-8"?>
<!-- Generated by org.testng.reporters.JUnitReportReporter -->
<testsuite hostname="DESKTOP-AK0H43K" failures="0" tests="1" name="TestNgParralel_Serial_Run.Parallel_Serial_Run" time="75.866" errors="0" timestamp="2022-06-29T18:58:50 IST" skipped="0">
  <testcase classname="TestNgParralel_Serial_Run.Parallel_Serial_Run" name="MyMethod" time="75.866"/>
</testsuite> <!-- TestNgParralel_Serial_Run.Parallel_Serial_Run -->
