<?xml version="1.0" encoding="UTF-8"?>
<!-- Generated by org.testng.reporters.JUnitReportReporter -->
<testsuite hostname="DESKTOP-AK0H43K" failures="0" tests="3" name="TestNgKeywords.Timeout" time="2.047" errors="1" timestamp="2022-06-28T14:08:09 IST" skipped="0">
  <testcase classname="TestNgKeywords.Timeout" name="C" time="0.008"/>
  <testcase classname="TestNgKeywords.Timeout" name="B" time="2.023">
    <error message="Method TestNgKeywords.Timeout.B() didn&#039;t finish within the time-out 2000" type="org.testng.internal.thread.ThreadTimeoutException">
      <![CDATA[org.testng.internal.thread.ThreadTimeoutException: Method TestNgKeywords.Timeout.B() didn't finish within the time-out 2000
at java.base@11.0.12/jdk.internal.misc.Unsafe.getAndAddInt(Unsafe.java:2341)
at java.base@11.0.12/java.util.concurrent.atomic.AtomicInteger.incrementAndGet(AtomicInteger.java:216)
at app//org.testng.internal.BaseTestMethod.incrementCurrentInvocationCount(BaseTestMethod.java:580)
at app//org.testng.internal.InvokeMethodRunnable.runOne(InvokeMethodRunnable.java:64)
at app//org.testng.internal.InvokeMethodRunnable.run(InvokeMethodRunnable.java:41)
at java.base@11.0.12/java.util.concurrent.Executors$RunnableAdapter.call(Executors.java:515)
at java.base@11.0.12/java.util.concurrent.FutureTask.run(FutureTask.java:264)
at java.base@11.0.12/java.util.concurrent.ThreadPoolExecutor.runWorker(ThreadPoolExecutor.java:1128)
at java.base@11.0.12/java.util.concurrent.ThreadPoolExecutor$Worker.run(ThreadPoolExecutor.java:628)
at java.base@11.0.12/java.lang.Thread.run(Thread.java:834)
]]>
    </error>
  </testcase> <!-- B -->
  <testcase classname="TestNgKeywords.Timeout" name="A" time="0.016"/>
</testsuite> <!-- TestNgKeywords.Timeout -->
