<?xml version="1.0" encoding="UTF-8"?>
<!-- Generated by org.testng.reporters.JUnitReportReporter -->
<testsuite hostname="DESKTOP-AK0H43K" failures="0" tests="3" name="TestNgKeywords.priorityused" time="0.023" errors="0" timestamp="2022-06-28T13:54:04 IST" skipped="0">
  <testcase classname="TestNgKeywords.priorityused" name="Z" time="0.015"/>
  <testcase classname="TestNgKeywords.priorityused" name="R" time="0.006"/>
  <testcase classname="TestNgKeywords.priorityused" name="A" time="0.002"/>
</testsuite> <!-- TestNgKeywords.priorityused -->
