<?xml version="1.0" encoding="UTF-8"?>
<!-- Generated by org.testng.reporters.JUnitReportReporter -->
<testsuite hostname="DESKTOP-AK0H43K" failures="0" tests="1" name="TestNg.test" time="34.806" errors="0" timestamp="2022-06-28T13:36:58 IST" skipped="0">
  <testcase classname="TestNg.test" name="youtube" time="34.806"/>
</testsuite> <!-- TestNg.test -->
